<?xml version="1.0" encoding="UTF-8"?>
<!-- Generated by org.testng.reporters.JUnitReportReporter -->
<testsuite hostname="SHEIK" failures="0" tests="1" name="Runner.TestRunner" time="20.396" errors="0" timestamp="2021-06-20T18:53:27 IST" skipped="0">
  <testcase classname="Runner.TestRunner" name="feature" time="20.396"/>
  <system-out/>
</testsuite> <!-- Runner.TestRunner -->
