<?xml version="1.0" encoding="UTF-8"?>
<!-- Generated by org.testng.reporters.JUnitReportReporter -->
<testsuite hostname="SHEIK" failures="0" tests="1" name="Runner.TestRunner" time="15.747" errors="0" timestamp="2021-09-04T22:32:07 IST" skipped="0">
  <testcase classname="Runner.TestRunner" name="feature" time="15.747"/>
  <system-out/>
</testsuite> <!-- Runner.TestRunner -->
